<?xml version="1.0" encoding="UTF-8"?>
<!-- Generated by org.testng.reporters.JUnitReportReporter -->
<testsuite hostname="LAPTOP-JRVPGVSO" failures="0" tests="1" name="testCases.Update_Customer_Order_ON_Order_Product" time="16.855" errors="0" timestamp="2023-06-14T13:52:13 EDT" skipped="0">
  <testcase classname="testCases.Update_Customer_Order_ON_Order_Product" name="UpdateCustomerOrderONOrderProduct" time="16.855"/>
  <system-out/>
</testsuite> <!-- testCases.Update_Customer_Order_ON_Order_Product -->
