<?xml version="1.0" encoding="UTF-8"?>
<!-- Generated by org.testng.reporters.JUnitReportReporter -->
<testsuite hostname="LAPTOP-JRVPGVSO" failures="0" tests="1" name="testCases.Verify_Customer_Contact_Number_Modification_Functionality" time="19.001" errors="0" timestamp="2023-05-17T04:56:57 EDT" skipped="0">
  <testcase classname="testCases.Verify_Customer_Contact_Number_Modification_Functionality" name="Verify_Customer_Contact_Number_Modification_Functionality_Test" time="19.001"/>
  <system-out/>
</testsuite> <!-- testCases.Verify_Customer_Contact_Number_Modification_Functionality -->
