<?xml version="1.0" encoding="UTF-8"?>
<!-- Generated by org.testng.reporters.JUnitReportReporter -->
<testsuite hostname="LAPTOP-JRVPGVSO" failures="0" tests="1" name="testCases.Verify_Apply_Leave_Manu" time="20.090" errors="0" timestamp="2023-05-08T01:16:45 EDT" skipped="0">
  <testcase classname="testCases.Verify_Apply_Leave_Manu" name="verifiApplyLeave" time="20.090"/>
  <system-out/>
</testsuite> <!-- testCases.Verify_Apply_Leave_Manu -->
